httpd.exe: Could not reliably determine the server's fully qualified domain name, using fe80::556c:7b56:8df1:cab9 for ServerName
[Thu Nov 12 22:12:46 2015] [notice] Apache/2.2.31 (Win64) configured -- resuming normal operations
[Thu Nov 12 22:12:46 2015] [notice] Server built: Jul 16 2015 11:53:54
[Thu Nov 12 22:12:46 2015] [notice] Parent: Created child process 5428
httpd.exe: Could not reliably determine the server's fully qualified domain name, using fe80::556c:7b56:8df1:cab9 for ServerName
Apache server interrupted...
 determine the server's fully qualified domain name, using fe80::556c:7b56:8df1:cab9 for ServerName
[Thu Nov 12 22:12:47 2015] [notice] Child 5428: Child process is running
[Thu Nov 12 22:12:47 2015] [notice] Child 5428: Acquired the start mutex.
[Thu Nov 12 22:12:47 2015] [notice] Child 5428: Starting 64 worker threads.
[Thu Nov 12 22:12:47 2015] [notice] Child 5428: Starting thread to listen on port 80.
[Thu Nov 12 22:12:47 2015] [notice] Child 5428: Starting thread to listen on port 80.
[Thu Nov 12 22:14:06 2015] [notice] Parent: Received shutdown signal -- Shutting down the server.
Apache server interrupted...
otice] Child 5428: Exit event signaled. Child process is ending.
[Thu Nov 12 22:14:07 2015] [notice] Child 5428: Released the start mutex
[Thu Nov 12 22:14:08 2015] [notice] Child 5428: All worker threads have exited.
[Thu Nov 12 22:14:08 2015] [notice] Child 5428: Child process is exiting
[Thu Nov 12 22:14:08 2015] [notice] Parent: Child process exited successfully.
httpd.exe: Could not reliably determine the server's fully qualified domain name, using fe80::556c:7b56:8df1:cab9 for ServerName
[Thu Nov 12 22:28:38 2015] [notice] Apache/2.2.31 (Win64) configured -- resuming normal operations
[Thu Nov 12 22:28:38 2015] [notice] Server built: Jul 16 2015 11:53:54
[Thu Nov 12 22:28:38 2015] [notice] Parent: Created child process 8924
httpd.exe: Could not reliably determine the server's fully qualified domain name, using fe80::556c:7b56:8df1:cab9 for ServerName
Apache server interrupted...
 determine the server's fully qualified domain name, using fe80::556c:7b56:8df1:cab9 for ServerName
[Thu Nov 12 22:28:38 2015] [notice] Child 8924: Child process is running
[Thu Nov 12 22:28:38 2015] [notice] Child 8924: Acquired the start mutex.
[Thu Nov 12 22:28:38 2015] [notice] Child 8924: Starting 64 worker threads.
[Thu Nov 12 22:28:38 2015] [notice] Child 8924: Starting thread to listen on port 80.
[Thu Nov 12 22:28:38 2015] [notice] Child 8924: Starting thread to listen on port 80.
[Thu Nov 12 22:45:22 2015] [notice] Parent: Received shutdown signal -- Shutting down the server.
[Thu Nov 12 22:45:22 2015] [notice] Child 8924: Exit event signaled. Child process is ending.
[Thu Nov 12 22:45:23 2015] [notice] Child 8924: Released the start mutex
[Thu Nov 12 22:45:24 2015] [notice] Child 8924: All worker threads have exited.
[Thu Nov 12 22:45:24 2015] [notice] Child 8924: Child process is exiting
[Thu Nov 12 22:45:24 2015] [notice] Parent: Child process exited successfully.
httpd.exe: Could not reliably determine the server's fully qualified domain name, using fe80::556c:7b56:8df1:cab9 for ServerName
[Thu Nov 12 22:45:29 2015] [notice] Apache/2.2.31 (Win64) configured -- resuming normal operations
[Thu Nov 12 22:45:29 2015] [notice] Server built: Jul 16 2015 11:53:54
[Thu Nov 12 22:45:29 2015] [notice] Parent: Created child process 8772
httpd.exe: Could not reliably determine the server's fully qualified domain name, using fe80::556c:7b56:8df1:cab9 for ServerName
Apache server interrupted...
 determine the server's fully qualified domain name, using fe80::556c:7b56:8df1:cab9 for ServerName
[Thu Nov 12 22:45:29 2015] [notice] Child 8772: Child process is running
[Thu Nov 12 22:45:29 2015] [notice] Child 8772: Acquired the start mutex.
[Thu Nov 12 22:45:29 2015] [notice] Child 8772: Starting 64 worker threads.
[Thu Nov 12 22:45:29 2015] [notice] Child 8772: Starting thread to listen on port 80.
[Thu Nov 12 22:45:29 2015] [notice] Child 8772: Starting thread to listen on port 80.
[Thu Nov 12 22:50:12 2015] [notice] Parent: Received shutdown signal -- Shutting down the server.
[Thu Nov 12 22:50:12 2015] [notice] Child 8772: Exit event signaled. Child process is ending.
[Thu Nov 12 22:50:13 2015] [notice] Child 8772: Released the start mutex
[Thu Nov 12 22:50:14 2015] [notice] Child 8772: All worker threads have exited.
[Thu Nov 12 22:50:14 2015] [notice] Child 8772: Child process is exiting
[Thu Nov 12 22:50:14 2015] [notice] Parent: Child process exited successfully.
httpd.exe: Could not reliably determine the server's fully qualified domain name, using fe80::556c:7b56:8df1:cab9 for ServerName
[Thu Nov 12 22:50:23 2015] [notice] Apache/2.2.31 (Win64) configured -- resuming normal operations
[Thu Nov 12 22:50:23 2015] [notice] Server built: Jul 16 2015 11:53:54
[Thu Nov 12 22:50:23 2015] [notice] Parent: Created child process 2532
httpd.exe: Could not reliably determine the server's fully qualified domain name, using fe80::556c:7b56:8df1:cab9 for ServerName
Apache server interrupted...
 determine the server's fully qualified domain name, using fe80::556c:7b56:8df1:cab9 for ServerName
[Thu Nov 12 22:50:23 2015] [notice] Child 2532: Child process is running
[Thu Nov 12 22:50:23 2015] [notice] Child 2532: Acquired the start mutex.
[Thu Nov 12 22:50:23 2015] [notice] Child 2532: Starting 64 worker threads.
[Thu Nov 12 22:50:23 2015] [notice] Child 2532: Starting thread to listen on port 80.
[Thu Nov 12 22:50:23 2015] [notice] Child 2532: Starting thread to listen on port 80.
[Thu Nov 12 22:50:27 2015] [notice] Parent: Received shutdown signal -- Shutting down the server.
[Thu Nov 12 22:50:27 2015] [notice] Child 2532: Exit event signaled. Child process is ending.
[Thu Nov 12 22:50:28 2015] [notice] Child 2532: Released the start mutex
[Thu Nov 12 22:50:29 2015] [notice] Child 2532: All worker threads have exited.
[Thu Nov 12 22:50:29 2015] [notice] Child 2532: Child process is exiting
[Thu Nov 12 22:50:29 2015] [notice] Parent: Child process exited successfully.
httpd.exe: Could not reliably determine the server's fully qualified domain name, using fe80::556c:7b56:8df1:cab9 for ServerName
[Thu Nov 12 22:51:49 2015] [notice] Apache/2.2.31 (Win64) configured -- resuming normal operations
[Thu Nov 12 22:51:49 2015] [notice] Server built: Jul 16 2015 11:53:54
[Thu Nov 12 22:51:49 2015] [notice] Parent: Created child process 9068
httpd.exe: Could not reliably determine the server's fully qualified domain name, using fe80::556c:7b56:8df1:cab9 for ServerName
Apache server interrupted...
 determine the server's fully qualified domain name, using fe80::556c:7b56:8df1:cab9 for ServerName
[Thu Nov 12 22:51:49 2015] [notice] Child 9068: Child process is running
[Thu Nov 12 22:51:49 2015] [notice] Child 9068: Acquired the start mutex.
[Thu Nov 12 22:51:49 2015] [notice] Child 9068: Starting 64 worker threads.
[Thu Nov 12 22:51:49 2015] [notice] Child 9068: Starting thread to listen on port 80.
[Thu Nov 12 22:51:49 2015] [notice] Child 9068: Starting thread to listen on port 80.
[Thu Nov 12 22:59:21 2015] [notice] Parent: Received shutdown signal -- Shutting down the server.
[Thu Nov 12 22:59:21 2015] [notice] Child 9068: Exit event signaled. Child process is ending.
[Thu Nov 12 22:59:22 2015] [notice] Child 9068: Released the start mutex
[Thu Nov 12 22:59:23 2015] [notice] Child 9068: All worker threads have exited.
[Thu Nov 12 22:59:23 2015] [notice] Child 9068: Child process is exiting
[Thu Nov 12 22:59:23 2015] [notice] Parent: Child process exited successfully.
httpd.exe: Could not reliably determine the server's fully qualified domain name, using fe80::556c:7b56:8df1:cab9 for ServerName
[Thu Nov 12 22:59:25 2015] [notice] Apache/2.2.31 (Win64) configured -- resuming normal operations
[Thu Nov 12 22:59:25 2015] [notice] Server built: Jul 16 2015 11:53:54
[Thu Nov 12 22:59:25 2015] [notice] Parent: Created child process 2088
httpd.exe: Could not reliably determine the server's fully qualified domain name, using fe80::556c:7b56:8df1:cab9 for ServerName
Apache server interrupted...
 determine the server's fully qualified domain name, using fe80::556c:7b56:8df1:cab9 for ServerName
[Thu Nov 12 22:59:25 2015] [notice] Child 2088: Child process is running
[Thu Nov 12 22:59:25 2015] [notice] Child 2088: Acquired the start mutex.
[Thu Nov 12 22:59:25 2015] [notice] Child 2088: Starting 64 worker threads.
[Thu Nov 12 22:59:25 2015] [notice] Child 2088: Starting thread to listen on port 80.
[Thu Nov 12 22:59:25 2015] [notice] Child 2088: Starting thread to listen on port 80.
[Thu Nov 12 22:59:58 2015] [notice] Parent: Received shutdown signal -- Shutting down the server.
[Thu Nov 12 22:59:58 2015] [notice] Child 2088: Exit event signaled. Child process is ending.
[Thu Nov 12 23:00:00 2015] [notice] Child 2088: Released the start mutex
[Thu Nov 12 23:00:01 2015] [notice] Child 2088: All worker threads have exited.
[Thu Nov 12 23:00:01 2015] [notice] Child 2088: Child process is exiting
[Thu Nov 12 23:00:01 2015] [notice] Parent: Child process exited successfully.
[Thu Nov 12 23:00:03 2015] [notice] Apache/2.2.31 (Win64) configured -- resuming normal operations
[Thu Nov 12 23:00:03 2015] [notice] Server built: Jul 16 2015 11:53:54
[Thu Nov 12 23:00:03 2015] [notice] Parent: Created child process 6988
Apache server interrupted...
otice] Child 6988: Child process is running
[Thu Nov 12 23:00:03 2015] [notice] Child 6988: Acquired the start mutex.
[Thu Nov 12 23:00:03 2015] [notice] Child 6988: Starting 64 worker threads.
[Thu Nov 12 23:00:03 2015] [notice] Child 6988: Starting thread to listen on port 80.
[Thu Nov 12 23:00:03 2015] [notice] Child 6988: Starting thread to listen on port 80.
[Thu Nov 12 23:00:37 2015] [error] [client 127.0.0.1] client denied by server configuration: C:/mysite/src/Apache2/htdocs/
[Thu Nov 12 23:00:37 2015] [error] [client 127.0.0.1] client denied by server configuration: C:/mysite/src/Apache2/htdocs/favicon.ico, referer: http://127.0.0.1/
[Thu Nov 12 23:00:49 2015] [error] [client 127.0.0.1] client denied by server configuration: C:/mysite/src/Apache2/htdocs/
[Thu Nov 12 23:00:49 2015] [error] [client 127.0.0.1] client denied by server configuration: C:/mysite/src/Apache2/htdocs/favicon.ico, referer: http://127.0.0.1/
[Thu Nov 12 23:06:30 2015] [notice] Parent: Received shutdown signal -- Shutting down the server.
[Thu Nov 12 23:06:30 2015] [notice] Child 6988: Exit event signaled. Child process is ending.
[Thu Nov 12 23:06:31 2015] [notice] Child 6988: Released the start mutex
[Thu Nov 12 23:06:32 2015] [notice] Child 6988: All worker threads have exited.
[Thu Nov 12 23:06:32 2015] [notice] Child 6988: Child process is exiting
[Thu Nov 12 23:06:32 2015] [notice] Parent: Child process exited successfully.
